Building DAG of jobs...
Using shell: /bin/bash
Provided cores: 1
Rules claiming more threads will be scaled down.
Job counts:
	count	jobs
	1	all
	1	edgeR
	1	linkedtxome
	1	pkginstall
	1	shiny
	1	tximeta
	6

[Sun May  5 13:25:10 2019]
rule pkginstall:
    input: scripts/install_pkgs.R
    output: ../output/Rout/pkginstall_state.txt
    log: ../output/Rout/install_pkgs.Rout
    jobid: 2
    benchmark: ../output/benchmarks/install_pkgs.txt
    priority: 50

Activating conda environment: /dataVolume/storage/single_cell_projects/sc_RB_devel/FACS_20190501_sunlee_H_sapiens_proj/ARMOR/.snakemake/conda/07113e3a
[Sun May  5 13:25:16 2019]
Finished job 2.
1 of 6 steps (17%) done

[Sun May  5 13:25:16 2019]
rule linkedtxome:
    input: /dataVolume/storage/Homo_sapiens/grch38/txome/Homo_sapiens.GRCh38.cdna.all.fa.gz, /dataVolume/storage/Homo_sapiens/grch38_tran/Homo_sapiens.GRCh38.87.gtf, /dataVolume/storage/Homo_sapiens/grch38/SalmonIndex/Homo_sapiens.GRCh38.9870.8.2/hash.bin, scripts/generate_linkedtxome.R, ../output/Rout/pkginstall_state.txt
    output: /dataVolume/storage/Homo_sapiens/grch38/SalmonIndex/Homo_sapiens.GRCh38.9870.8.2.json
    log: ../output/Rout/generate_linkedtxome.Rout
    jobid: 6
    benchmark: ../output/benchmarks/generate_linkedtxome.txt

Activating conda environment: /dataVolume/storage/single_cell_projects/sc_RB_devel/FACS_20190501_sunlee_H_sapiens_proj/ARMOR/.snakemake/conda/07113e3a
[Sun May  5 13:25:21 2019]
Finished job 6.
2 of 6 steps (33%) done

[Sun May  5 13:25:21 2019]
rule tximeta:
    input: ../output/Rout/pkginstall_state.txt, ../output/salmon/shl20190501-01/quant.sf, ../data/metadata.txt, /dataVolume/storage/Homo_sapiens/grch38/SalmonIndex/Homo_sapiens.GRCh38.9870.8.2/hash.bin, /dataVolume/storage/Homo_sapiens/grch38/SalmonIndex/Homo_sapiens.GRCh38.9870.8.2.json, scripts/run_tximeta.R
    output: ../output/outputR/tximeta_se.rds
    log: ../output/Rout/tximeta_se.Rout
    jobid: 4
    benchmark: ../output/benchmarks/tximeta_se.txt

Activating conda environment: /dataVolume/storage/single_cell_projects/sc_RB_devel/FACS_20190501_sunlee_H_sapiens_proj/ARMOR/.snakemake/conda/07113e3a
[Sun May  5 13:26:25 2019]
Finished job 4.
3 of 6 steps (50%) done

[Sun May  5 13:26:25 2019]
rule edgeR:
    input: ../output/Rout/pkginstall_state.txt, ../output/outputR/tximeta_se.rds, scripts/run_render.R, scripts/edgeR_dge.Rmd
    output: ../output/outputR/edgeR_dge.html, ../output/outputR/edgeR_dge.rds
    log: ../output/Rout/run_dge_edgeR.Rout
    jobid: 3
    benchmark: ../output/benchmarks/run_dge_edgeR.txt

Activating conda environment: /dataVolume/storage/single_cell_projects/sc_RB_devel/FACS_20190501_sunlee_H_sapiens_proj/ARMOR/.snakemake/conda/07113e3a
Waiting at most 5 seconds for missing files.
MissingOutputException in line 526 of /dataVolume/storage/single_cell_projects/sc_RB_devel/FACS_20190501_sunlee_H_sapiens_proj/ARMOR/Snakefile:
Missing files after 5 seconds:
../output/outputR/edgeR_dge.html
../output/outputR/edgeR_dge.rds
This might be due to filesystem latency. If that is the case, consider to increase the wait time with --latency-wait.
Shutting down, this might take some time.
Exiting because a job execution failed. Look above for error message
Complete log: /dataVolume/storage/single_cell_projects/sc_RB_devel/FACS_20190501_sunlee_H_sapiens_proj/ARMOR/.snakemake/log/2019-05-05T132509.375436.snakemake.log
