Building DAG of jobs...
Using shell: /bin/bash
Provided cores: 1
Rules claiming more threads will be scaled down.
Job counts:
	count	jobs
	1	all
	1	edgeR
	1	shiny
	3

[Mon May  6 13:28:03 2019]
rule edgeR:
    input: ../output/Rout/pkginstall_state.txt, ../output/outputR/tximeta_se.rds, scripts/run_render.R, scripts/edgeR_dge.Rmd
    output: ../output/outputR/edgeR_dge.html, ../output/outputR/edgeR_dge.rds
    log: ../output/Rout/run_dge_edgeR.Rout
    jobid: 11
    benchmark: ../output/benchmarks/run_dge_edgeR.txt

Activating conda environment: /dataVolume/storage/single_cell_projects/sc_RB_devel/FACS_20190501_sunlee_H_sapiens_proj/ARMOR/.snakemake/conda/07113e3a
Terminating processes on user request, this might take some time.
[Mon May  6 13:28:08 2019]
Error in rule edgeR:
    jobid: 11
    output: ../output/outputR/edgeR_dge.html, ../output/outputR/edgeR_dge.rds
    log: ../output/Rout/run_dge_edgeR.Rout
    conda-env: /dataVolume/storage/single_cell_projects/sc_RB_devel/FACS_20190501_sunlee_H_sapiens_proj/ARMOR/.snakemake/conda/07113e3a

RuleException:
CalledProcessError in line 723 of /dataVolume/storage/single_cell_projects/sc_RB_devel/FACS_20190501_sunlee_H_sapiens_proj/ARMOR/Snakefile:
Command 'source /opt/miniconda3/bin/activate '/dataVolume/storage/single_cell_projects/sc_RB_devel/FACS_20190501_sunlee_H_sapiens_proj/ARMOR/.snakemake/conda/07113e3a'; set -euo pipefail;  /usr/bin/R CMD BATCH --no-restore --no-save "--args se='../output/outputR/tximeta_se.rds' organism='Homo_sapiens' design='~0+celline' contrast='cellineN61311-cellineN052611,cellineN052611-cellineN61311'  rmdtemplate='scripts/edgeR_dge.Rmd' outputdir='../output/outputR' outputfile='edgeR_dge.html'" scripts/run_render.R ../output/Rout/run_dge_edgeR.Rout' died with <Signals.SIGINT: 2>.
  File "/dataVolume/storage/single_cell_projects/sc_RB_devel/FACS_20190501_sunlee_H_sapiens_proj/ARMOR/Snakefile", line 723, in __rule_edgeR
  File "/opt/miniconda3/envs/ARMOR/lib/python3.6/concurrent/futures/thread.py", line 56, in run
Complete log: /dataVolume/storage/single_cell_projects/sc_RB_devel/FACS_20190501_sunlee_H_sapiens_proj/ARMOR/.snakemake/log/2019-05-06T132802.330423.snakemake.log
