Building DAG of jobs...
Job counts:
	count	jobs
	1	HISAT2PE
	1	all
	1	bamindex
	1	bamindexhisat2
	1	bamsort
	1	bigwig
	1	edgeR
	2	fastqc
	2	fastqctrimmed
	1	multiqc
	1	salmonPE
	1	shiny
	1	starPE
	1	stringtie
	1	trimgalorePE
	17

[Mon May  6 12:22:10 2019]
rule edgeR:
    input: ../output/Rout/pkginstall_state.txt, ../output/outputR/tximeta_se.rds, scripts/run_render.R, scripts/edgeR_dge.Rmd
    output: ../output/outputR/edgeR_dge.html, ../output/outputR/edgeR_dge.rds
    log: ../output/Rout/run_dge_edgeR.Rout
    jobid: 14
    benchmark: ../output/benchmarks/run_dge_edgeR.txt


[Mon May  6 12:22:10 2019]
rule trimgalorePE:
    input: ../data/FASTQ/shl20190501-001_R1.fastq.gz, ../data/FASTQ/shl20190501-001_R2.fastq.gz
    output: ../output/FASTQtrimmed/shl20190501-001_R1_val_1.fq.gz, ../output/FASTQtrimmed/shl20190501-001_R2_val_2.fq.gz
    log: ../output/logs/trimgalore_shl20190501-001.log
    jobid: 7
    benchmark: ../output/benchmarks/trimgalore_shl20190501-001.txt
    wildcards: sample=shl20190501-001


[Mon May  6 12:22:10 2019]
rule fastqc:
    input: ../data/FASTQ/shl20190501-001_R2.fastq.gz
    output: ../output/FastQC/shl20190501-001_R2_fastqc.zip
    log: ../output/logs/fastqc_shl20190501-001_R2.log
    jobid: 5
    benchmark: ../output/benchmarks/fastqc_shl20190501-001_R2.txt
    wildcards: sample=shl20190501-001_R2


[Mon May  6 12:22:10 2019]
rule fastqc:
    input: ../data/FASTQ/shl20190501-001_R1.fastq.gz
    output: ../output/FastQC/shl20190501-001_R1_fastqc.zip
    log: ../output/logs/fastqc_shl20190501-001_R1.log
    jobid: 4
    benchmark: ../output/benchmarks/fastqc_shl20190501-001_R1.txt
    wildcards: sample=shl20190501-001_R1


[Mon May  6 12:22:10 2019]
rule starPE:
    input: /dataVolume/storage/Homo_sapiens/grch38/STARIndex/Homo_sapiens.GRCh38.87.STAR.idx/SA, ../output/FASTQtrimmed/shl20190501-001_R1_val_1.fq.gz, ../output/FASTQtrimmed/shl20190501-001_R2_val_2.fq.gz
    output: ../output/STAR/shl20190501-001/shl20190501-001_Aligned.sortedByCoord.out.bam
    log: ../output/logs/STAR_shl20190501-001.log
    jobid: 17
    benchmark: ../output/benchmarks/STAR_shl20190501-001.txt
    wildcards: sample=shl20190501-001


[Mon May  6 12:22:10 2019]
rule fastqctrimmed:
    input: ../output/FASTQtrimmed/shl20190501-001_R1_val_1.fq.gz
    output: ../output/FastQC/shl20190501-001_R1_val_1_fastqc.zip
    log: ../output/logs/fastqc_trimmed_shl20190501-001_R1_val_1.log
    jobid: 8
    benchmark: ../output/benchmarks/fastqc_trimmed_shl20190501-001_R1_val_1.txt
    wildcards: sample=shl20190501-001_R1_val_1


[Mon May  6 12:22:10 2019]
rule HISAT2PE:
    input: ../output/FASTQtrimmed/shl20190501-001_R1_val_1.fq.gz, ../output/FASTQtrimmed/shl20190501-001_R2_val_2.fq.gz
    output: ../output/HISAT2/shl20190501-001/shl20190501-001_Aligned.out.sam
    log: ../output/logs/HISAT2_shl20190501-001.log
    jobid: 19
    benchmark: ../output/benchmarks/HISAT2_shl20190501-001.txt
    wildcards: sample=shl20190501-001


[Mon May  6 12:22:10 2019]
rule salmonPE:
    input: /dataVolume/storage/Homo_sapiens/grch38/SalmonIndex/Homo_sapiens.GRCh38.9870.8.2/hash.bin, ../output/FASTQtrimmed/shl20190501-001_R1_val_1.fq.gz, ../output/FASTQtrimmed/shl20190501-001_R2_val_2.fq.gz
    output: ../output/salmon/shl20190501-001/quant.sf
    log: ../output/logs/salmon_shl20190501-001.log
    jobid: 6
    benchmark: ../output/benchmarks/salmon_shl20190501-001.txt
    wildcards: sample=shl20190501-001


[Mon May  6 12:22:10 2019]
rule fastqctrimmed:
    input: ../output/FASTQtrimmed/shl20190501-001_R2_val_2.fq.gz
    output: ../output/FastQC/shl20190501-001_R2_val_2_fastqc.zip
    log: ../output/logs/fastqc_trimmed_shl20190501-001_R2_val_2.log
    jobid: 9
    benchmark: ../output/benchmarks/fastqc_trimmed_shl20190501-001_R2_val_2.txt
    wildcards: sample=shl20190501-001_R2_val_2


[Mon May  6 12:22:10 2019]
rule bamsort:
    input: ../output/HISAT2/shl20190501-001/shl20190501-001_Aligned.out.sam
    output: ../output/HISAT2/shl20190501-001/shl20190501-001_Aligned.sortedByCoord.out.bam
    log: ../output/logs/samtools_sort_shl20190501-001.log
    jobid: 15
    benchmark: ../output/benchmarks/samtools_sort_shl20190501-001.txt
    wildcards: sample=shl20190501-001


[Mon May  6 12:22:10 2019]
rule bamindex:
    input: ../output/STAR/shl20190501-001/shl20190501-001_Aligned.sortedByCoord.out.bam
    output: ../output/STAR/shl20190501-001/shl20190501-001_Aligned.sortedByCoord.out.bam.bai
    log: ../output/logs/samtools_index_shl20190501-001.log
    jobid: 10
    benchmark: ../output/benchmarks/samtools_index_shl20190501-001.txt
    wildcards: sample=shl20190501-001


[Mon May  6 12:22:10 2019]
rule bigwig:
    input: ../output/STAR/shl20190501-001/shl20190501-001_Aligned.sortedByCoord.out.bam, /dataVolume/storage/Homo_sapiens/grch38/STARIndex/Homo_sapiens.GRCh38.87.STAR.idx/chrNameLength.txt
    output: ../output/STARbigwig/shl20190501-001_Aligned.sortedByCoord.out.bw
    log: ../output/logs/bigwig_shl20190501-001.log
    jobid: 13
    benchmark: ../output/benchmarks/bigwig_shl20190501-001.txt
    wildcards: sample=shl20190501-001


[Mon May  6 12:22:10 2019]
rule shiny:
    input: ../output/Rout/pkginstall_state.txt, ../output/STARbigwig/shl20190501-001_Aligned.sortedByCoord.out.bw, ../output/outputR/edgeR_dge.rds, scripts/run_render.R, /dataVolume/storage/Homo_sapiens/grch38_tran/Homo_sapiens.GRCh38.87.gtf, scripts/prepare_shiny.Rmd
    output: ../output/outputR/prepare_shiny.html, ../output/outputR/shiny_sce.rds
    log: ../output/Rout/prepare_shiny.Rout
    jobid: 2
    benchmark: ../output/benchmarks/prepare_shiny.txt


[Mon May  6 12:22:10 2019]
rule stringtie:
    input: ../output/HISAT2/shl20190501-001/shl20190501-001_Aligned.sortedByCoord.out.bam
    output: ../output/stringtie/shl20190501-001.gtf
    log: ../output/logs/stringtie_shl20190501-001.log
    jobid: 3
    benchmark: ../output/benchmarks/stringtie_shl20190501-001.txt
    wildcards: sample=shl20190501-001

RuleException in line 467 of /dataVolume/storage/single_cell_projects/sc_RB_devel/FACS_20190501_sunlee_H_sapiens_proj/ARMOR/Snakefile:
'Params' object has no attribute 'gtf'
