Building DAG of jobs...
Using shell: /bin/bash
Provided cores: 1
Rules claiming more threads will be scaled down.
Job counts:
	count	jobs
	1	all
	1	edgeR
	2	fastqc
	2	fastqctrimmed
	1	multiqc
	1	shiny
	1	stringtie
	9

[Mon May  6 13:25:26 2019]
rule stringtie:
    input: ../output/HISAT2/shl20190501-001/shl20190501-001_Aligned.sortedByCoord.out.bam
    output: ../output/stringtie/shl20190501-001.gtf
    log: ../output/logs/stringtie_shl20190501-001.log
    jobid: 3
    benchmark: ../output/benchmarks/stringtie_shl20190501-001.txt
    wildcards: sample=shl20190501-001

Activating conda environment: /dataVolume/storage/single_cell_projects/sc_RB_devel/FACS_20190501_sunlee_H_sapiens_proj/ARMOR/.snakemake/conda/07113e3a
[Mon May  6 13:26:09 2019]
Finished job 3.
1 of 9 steps (11%) done

[Mon May  6 13:26:09 2019]
rule fastqc:
    input: ../data/FASTQ/shl20190501-001_R2.fastq.gz
    output: ../output/FastQC/shl20190501-001_R2_fastqc.zip
    log: ../output/logs/fastqc_shl20190501-001_R2.log
    jobid: 5
    benchmark: ../output/benchmarks/fastqc_shl20190501-001_R2.txt
    wildcards: sample=shl20190501-001_R2

Activating conda environment: /dataVolume/storage/single_cell_projects/sc_RB_devel/FACS_20190501_sunlee_H_sapiens_proj/ARMOR/.snakemake/conda/07113e3a
[Mon May  6 13:26:28 2019]
Finished job 5.
2 of 9 steps (22%) done

[Mon May  6 13:26:28 2019]
rule fastqc:
    input: ../data/FASTQ/shl20190501-001_R1.fastq.gz
    output: ../output/FastQC/shl20190501-001_R1_fastqc.zip
    log: ../output/logs/fastqc_shl20190501-001_R1.log
    jobid: 4
    benchmark: ../output/benchmarks/fastqc_shl20190501-001_R1.txt
    wildcards: sample=shl20190501-001_R1

Activating conda environment: /dataVolume/storage/single_cell_projects/sc_RB_devel/FACS_20190501_sunlee_H_sapiens_proj/ARMOR/.snakemake/conda/07113e3a
[Mon May  6 13:26:44 2019]
Finished job 4.
3 of 9 steps (33%) done

[Mon May  6 13:26:44 2019]
rule fastqctrimmed:
    input: ../output/FASTQtrimmed/shl20190501-001_R2_val_2.fq.gz
    output: ../output/FastQC/shl20190501-001_R2_val_2_fastqc.zip
    log: ../output/logs/fastqc_trimmed_shl20190501-001_R2_val_2.log
    jobid: 9
    benchmark: ../output/benchmarks/fastqc_trimmed_shl20190501-001_R2_val_2.txt
    wildcards: sample=shl20190501-001_R2_val_2

Activating conda environment: /dataVolume/storage/single_cell_projects/sc_RB_devel/FACS_20190501_sunlee_H_sapiens_proj/ARMOR/.snakemake/conda/07113e3a
[Mon May  6 13:26:58 2019]
Finished job 9.
4 of 9 steps (44%) done

[Mon May  6 13:26:58 2019]
rule fastqctrimmed:
    input: ../output/FASTQtrimmed/shl20190501-001_R1_val_1.fq.gz
    output: ../output/FastQC/shl20190501-001_R1_val_1_fastqc.zip
    log: ../output/logs/fastqc_trimmed_shl20190501-001_R1_val_1.log
    jobid: 8
    benchmark: ../output/benchmarks/fastqc_trimmed_shl20190501-001_R1_val_1.txt
    wildcards: sample=shl20190501-001_R1_val_1

Activating conda environment: /dataVolume/storage/single_cell_projects/sc_RB_devel/FACS_20190501_sunlee_H_sapiens_proj/ARMOR/.snakemake/conda/07113e3a
[Mon May  6 13:27:16 2019]
Finished job 8.
5 of 9 steps (56%) done

[Mon May  6 13:27:16 2019]
rule multiqc:
    input: ../output/FastQC/shl20190501-001_R1_fastqc.zip, ../output/FastQC/shl20190501-001_R2_fastqc.zip, ../output/salmon/shl20190501-001/quant.sf, ../output/FASTQtrimmed/shl20190501-001_R1_val_1.fq.gz, ../output/FASTQtrimmed/shl20190501-001_R2_val_2.fq.gz, ../output/FastQC/shl20190501-001_R1_val_1_fastqc.zip, ../output/FastQC/shl20190501-001_R2_val_2_fastqc.zip, ../output/HISAT2/shl20190501-001/shl20190501-001_Aligned.sortedByCoord.out.bam.bai
    output: ../output/MultiQC/multiqc_report.html
    log: ../output/logs/multiqc.log
    jobid: 1
    benchmark: ../output/benchmarks/multiqc.txt

Activating conda environment: /dataVolume/storage/single_cell_projects/sc_RB_devel/FACS_20190501_sunlee_H_sapiens_proj/ARMOR/.snakemake/conda/07113e3a
[Mon May  6 13:27:45 2019]
Finished job 1.
6 of 9 steps (67%) done

[Mon May  6 13:27:45 2019]
rule edgeR:
    input: ../output/Rout/pkginstall_state.txt, ../output/outputR/tximeta_se.rds, scripts/run_render.R, scripts/edgeR_dge.Rmd
    output: ../output/outputR/edgeR_dge.html, ../output/outputR/edgeR_dge.rds
    log: ../output/Rout/run_dge_edgeR.Rout
    jobid: 12
    benchmark: ../output/benchmarks/run_dge_edgeR.txt

Activating conda environment: /dataVolume/storage/single_cell_projects/sc_RB_devel/FACS_20190501_sunlee_H_sapiens_proj/ARMOR/.snakemake/conda/07113e3a
Waiting at most 5 seconds for missing files.
MissingOutputException in line 701 of /dataVolume/storage/single_cell_projects/sc_RB_devel/FACS_20190501_sunlee_H_sapiens_proj/ARMOR/Snakefile:
Missing files after 5 seconds:
../output/outputR/edgeR_dge.html
../output/outputR/edgeR_dge.rds
This might be due to filesystem latency. If that is the case, consider to increase the wait time with --latency-wait.
Shutting down, this might take some time.
Exiting because a job execution failed. Look above for error message
Complete log: /dataVolume/storage/single_cell_projects/sc_RB_devel/FACS_20190501_sunlee_H_sapiens_proj/ARMOR/.snakemake/log/2019-05-06T132525.848133.snakemake.log
