Building DAG of jobs...
Using shell: /bin/bash
Provided cores: 1
Rules claiming more threads will be scaled down.
Job counts:
	count	jobs
	1	HISAT2PE
	1	all
	1	bamindexhisat2
	1	bamsort
	1	edgeR
	2	fastqc
	2	fastqctrimmed
	1	multiqc
	1	shiny
	1	stringtie
	12

[Mon May  6 13:16:23 2019]
rule HISAT2PE:
    input: ../output/FASTQtrimmed/shl20190501-001_R1_val_1.fq.gz, ../output/FASTQtrimmed/shl20190501-001_R2_val_2.fq.gz
    output: ../output/HISAT2/shl20190501-001/shl20190501-001_Aligned.out.bam
    log: ../output/logs/HISAT2_shl20190501-001.log
    jobid: 15
    benchmark: ../output/benchmarks/HISAT2_shl20190501-001.txt
    wildcards: sample=shl20190501-001

Activating conda environment: /dataVolume/storage/single_cell_projects/sc_RB_devel/FACS_20190501_sunlee_H_sapiens_proj/ARMOR/.snakemake/conda/07113e3a
[Mon May  6 13:22:24 2019]
Finished job 15.
1 of 12 steps (8%) done

[Mon May  6 13:22:24 2019]
rule bamsort:
    input: ../output/HISAT2/shl20190501-001/shl20190501-001_Aligned.out.bam
    output: ../output/HISAT2/shl20190501-001/shl20190501-001_Aligned.sortedByCoord.out.bam
    log: ../output/logs/samtools_sort_shl20190501-001.log
    jobid: 13
    benchmark: ../output/benchmarks/samtools_sort_shl20190501-001.txt
    wildcards: sample=shl20190501-001

Activating conda environment: /dataVolume/storage/single_cell_projects/sc_RB_devel/FACS_20190501_sunlee_H_sapiens_proj/ARMOR/.snakemake/conda/07113e3a
[Mon May  6 13:22:57 2019]
Finished job 13.
2 of 12 steps (17%) done

[Mon May  6 13:22:57 2019]
rule bamindexhisat2:
    input: ../output/HISAT2/shl20190501-001/shl20190501-001_Aligned.sortedByCoord.out.bam
    output: ../output/HISAT2/shl20190501-001/shl20190501-001_Aligned.sortedByCoord.out.bam.bai
    log: ../output/logs/samtools_index_shl20190501-001.log
    jobid: 10
    benchmark: ../output/benchmarks/samtools_index_shl20190501-001.txt
    wildcards: sample=shl20190501-001

Activating conda environment: /dataVolume/storage/single_cell_projects/sc_RB_devel/FACS_20190501_sunlee_H_sapiens_proj/ARMOR/.snakemake/conda/07113e3a
[Mon May  6 13:23:00 2019]
Finished job 10.
3 of 12 steps (25%) done

[Mon May  6 13:23:00 2019]
rule stringtie:
    input: ../output/HISAT2/shl20190501-001/shl20190501-001_Aligned.sortedByCoord.out.bam
    output: ../output/stringtie/shl20190501-001.gtf
    log: ../output/logs/stringtie_shl20190501-001.log
    jobid: 3
    benchmark: ../output/benchmarks/stringtie_shl20190501-001.txt
    wildcards: sample=shl20190501-001

Activating conda environment: /dataVolume/storage/single_cell_projects/sc_RB_devel/FACS_20190501_sunlee_H_sapiens_proj/ARMOR/.snakemake/conda/07113e3a
Waiting at most 5 seconds for missing files.
MissingOutputException in line 462 of /dataVolume/storage/single_cell_projects/sc_RB_devel/FACS_20190501_sunlee_H_sapiens_proj/ARMOR/Snakefile:
Missing files after 5 seconds:
../output/stringtie/shl20190501-001.gtf
This might be due to filesystem latency. If that is the case, consider to increase the wait time with --latency-wait.
Shutting down, this might take some time.
Exiting because a job execution failed. Look above for error message
Complete log: /dataVolume/storage/single_cell_projects/sc_RB_devel/FACS_20190501_sunlee_H_sapiens_proj/ARMOR/.snakemake/log/2019-05-06T131622.217171.snakemake.log
